<?xml version="1.0" encoding="UTF-8"?>
<coverage generated="1705515863175" clover="3.2.0">
  <project timestamp="1705515863175" name="All files">
    <metrics statements="20" coveredstatements="11" conditionals="6" coveredconditionals="4" methods="7" coveredmethods="2" elements="33" coveredelements="17" complexity="0" loc="20" ncloc="20" packages="1" files="1" classes="1"/>
    <file name="Body.js" path="C:\Users\SUPER-COMPUTERS\Desktop\React\food-app\src\components\Body.js">
      <metrics statements="20" coveredstatements="11" conditionals="6" coveredconditionals="4" methods="7" coveredmethods="2"/>
      <line num="8" count="1" type="stmt"/>
      <line num="9" count="2" type="stmt"/>
      <line num="15" count="2" type="stmt"/>
      <line num="19" count="2" type="stmt"/>
      <line num="20" count="0" type="stmt"/>
      <line num="21" count="0" type="stmt"/>
      <line num="23" count="0" type="stmt"/>
      <line num="24" count="0" type="stmt"/>
      <line num="27" count="2" type="stmt"/>
      <line num="28" count="0" type="stmt"/>
      <line num="29" count="0" type="stmt"/>
      <line num="33" count="0" type="stmt"/>
      <line num="36" count="2" type="stmt"/>
      <line num="38" count="2" type="stmt"/>
      <line num="40" count="2" type="cond" truecount="1" falsecount="1"/>
      <line num="41" count="0" type="stmt"/>
      <line num="47" count="2" type="cond" truecount="1" falsecount="1"/>
      <line num="51" count="2" type="stmt"/>
      <line num="60" count="0" type="stmt"/>
      <line num="78" count="9" type="stmt"/>
    </file>
  </project>
</coverage>
