<?xml version="1.0" encoding="UTF-8"?>
<coverage generated="1704783815486" clover="3.2.0">
  <project timestamp="1704783815487" name="All files">
    <metrics statements="28" coveredstatements="23" conditionals="4" coveredconditionals="2" methods="12" coveredmethods="7" elements="44" coveredelements="32" complexity="0" loc="28" ncloc="28" packages="3" files="7" classes="7"/>
    <package name="components">
      <metrics statements="10" coveredstatements="10" conditionals="4" coveredconditionals="2" methods="5" coveredmethods="5"/>
      <file name="Contact.js" path="C:\Users\SUPER-COMPUTERS\Desktop\React\food-app\src\components\Contact.js">
        <metrics statements="2" coveredstatements="2" conditionals="0" coveredconditionals="0" methods="1" coveredmethods="1"/>
        <line num="3" count="1" type="stmt"/>
        <line num="4" count="4" type="stmt"/>
      </file>
      <file name="Header.js" path="C:\Users\SUPER-COMPUTERS\Desktop\React\food-app\src\components\Header.js">
        <metrics statements="6" coveredstatements="6" conditionals="4" coveredconditionals="2" methods="3" coveredmethods="3"/>
        <line num="8" count="1" type="stmt"/>
        <line num="9" count="5" type="stmt"/>
        <line num="10" count="5" type="stmt"/>
        <line num="14" count="9" type="stmt"/>
        <line num="17" count="5" type="stmt"/>
        <line num="45" count="1" type="cond" truecount="1" falsecount="1"/>
      </file>
      <file name="Sum.js" path="C:\Users\SUPER-COMPUTERS\Desktop\React\food-app\src\components\Sum.js">
        <metrics statements="2" coveredstatements="2" conditionals="0" coveredconditionals="0" methods="1" coveredmethods="1"/>
        <line num="1" count="1" type="stmt"/>
        <line num="2" count="1" type="stmt"/>
      </file>
    </package>
    <package name="redux">
      <metrics statements="6" coveredstatements="3" conditionals="0" coveredconditionals="0" methods="3" coveredmethods="0"/>
      <file name="appStore.js" path="C:\Users\SUPER-COMPUTERS\Desktop\React\food-app\src\redux\appStore.js">
        <metrics statements="1" coveredstatements="1" conditionals="0" coveredconditionals="0" methods="0" coveredmethods="0"/>
        <line num="3" count="1" type="stmt"/>
      </file>
      <file name="cartSlice.js" path="C:\Users\SUPER-COMPUTERS\Desktop\React\food-app\src\redux\cartSlice.js">
        <metrics statements="5" coveredstatements="2" conditionals="0" coveredconditionals="0" methods="3" coveredmethods="0"/>
        <line num="3" count="1" type="stmt"/>
        <line num="11" count="0" type="stmt"/>
        <line num="14" count="0" type="stmt"/>
        <line num="17" count="0" type="stmt"/>
        <line num="22" count="1" type="stmt"/>
      </file>
    </package>
    <package name="utils">
      <metrics statements="12" coveredstatements="10" conditionals="0" coveredconditionals="0" methods="4" coveredmethods="2"/>
      <file name="constant.js" path="C:\Users\SUPER-COMPUTERS\Desktop\React\food-app\src\utils\constant.js">
        <metrics statements="4" coveredstatements="4" conditionals="0" coveredconditionals="0" methods="0" coveredmethods="0"/>
        <line num="2" count="1" type="stmt"/>
        <line num="5" count="1" type="stmt"/>
        <line num="9" count="1" type="stmt"/>
        <line num="12" count="1" type="stmt"/>
      </file>
      <file name="useOnlineStatus.js" path="C:\Users\SUPER-COMPUTERS\Desktop\React\food-app\src\utils\useOnlineStatus.js">
        <metrics statements="8" coveredstatements="6" conditionals="0" coveredconditionals="0" methods="4" coveredmethods="2"/>
        <line num="3" count="1" type="stmt"/>
        <line num="5" count="5" type="stmt"/>
        <line num="7" count="5" type="stmt"/>
        <line num="8" count="4" type="stmt"/>
        <line num="9" count="0" type="stmt"/>
        <line num="11" count="4" type="stmt"/>
        <line num="12" count="0" type="stmt"/>
        <line num="19" count="5" type="stmt"/>
      </file>
    </package>
  </project>
</coverage>
