{"C:\\Users\\SUPER-COMPUTERS\\Desktop\\React\\food-app\\src\\components\\Contact.js": {"path":"C:\\Users\\SUPER-COMPUTERS\\Desktop\\React\\food-app\\src\\components\\Contact.js","statementMap":{"0":{"start":{"line":3,"column":16},"end":{"line":34,"column":1}},"1":{"start":{"line":4,"column":4},"end":{"line":33,"column":6}}},"fnMap":{"0":{"name":"(anonymous_0)","decl":{"start":{"line":3,"column":16},"end":{"line":3,"column":17}},"loc":{"start":{"line":3,"column":22},"end":{"line":34,"column":1}},"line":3}},"branchMap":{},"s":{"0":1,"1":4},"f":{"0":4},"b":{},"_coverageSchema":"1a1c01bbd47fc00a2c39e90264f33305004495a9","hash":"e50cbbe306536a58693865914e23b3fb6334a3e5"}
,"C:\\Users\\SUPER-COMPUTERS\\Desktop\\React\\food-app\\src\\components\\Header.js": {"path":"C:\\Users\\SUPER-COMPUTERS\\Desktop\\React\\food-app\\src\\components\\Header.js","statementMap":{"0":{"start":{"line":8,"column":15},"end":{"line":54,"column":1}},"1":{"start":{"line":9,"column":32},"end":{"line":9,"column":49}},"2":{"start":{"line":10,"column":23},"end":{"line":10,"column":40}},"3":{"start":{"line":14,"column":20},"end":{"line":14,"column":60}},"4":{"start":{"line":14,"column":43},"end":{"line":14,"column":59}},"5":{"start":{"line":17,"column":2},"end":{"line":53,"column":4}},"6":{"start":{"line":45,"column":14},"end":{"line":45,"column":79}}},"fnMap":{"0":{"name":"(anonymous_0)","decl":{"start":{"line":8,"column":15},"end":{"line":8,"column":16}},"loc":{"start":{"line":8,"column":21},"end":{"line":54,"column":1}},"line":8},"1":{"name":"(anonymous_1)","decl":{"start":{"line":14,"column":32},"end":{"line":14,"column":33}},"loc":{"start":{"line":14,"column":43},"end":{"line":14,"column":59}},"line":14},"2":{"name":"(anonymous_2)","decl":{"start":{"line":44,"column":21},"end":{"line":44,"column":22}},"loc":{"start":{"line":44,"column":27},"end":{"line":46,"column":13}},"line":44}},"branchMap":{"0":{"loc":{"start":{"line":26,"column":28},"end":{"line":26,"column":62}},"type":"cond-expr","locations":[{"start":{"line":26,"column":52},"end":{"line":26,"column":55}},{"start":{"line":26,"column":58},"end":{"line":26,"column":62}}],"line":26},"1":{"loc":{"start":{"line":45,"column":14},"end":{"line":45,"column":78}},"type":"cond-expr","locations":[{"start":{"line":45,"column":36},"end":{"line":45,"column":56}},{"start":{"line":45,"column":59},"end":{"line":45,"column":78}}],"line":45}},"s":{"0":1,"1":5,"2":5,"3":5,"4":9,"5":5,"6":1},"f":{"0":5,"1":9,"2":1},"b":{"0":[5,0],"1":[1,0]},"_coverageSchema":"1a1c01bbd47fc00a2c39e90264f33305004495a9","hash":"05c100e09a5af20f4f9bf115761d6d2fa555c2e7"}
,"C:\\Users\\SUPER-COMPUTERS\\Desktop\\React\\food-app\\src\\components\\RestaurantCard.js": {"path":"C:\\Users\\SUPER-COMPUTERS\\Desktop\\React\\food-app\\src\\components\\RestaurantCard.js","statementMap":{"0":{"start":{"line":3,"column":23},"end":{"line":37,"column":1}},"1":{"start":{"line":12,"column":6},"end":{"line":12,"column":22}},"2":{"start":{"line":13,"column":2},"end":{"line":13,"column":26}},"3":{"start":{"line":15,"column":2},"end":{"line":36,"column":4}},"4":{"start":{"line":39,"column":32},"end":{"line":53,"column":1}},"5":{"start":{"line":40,"column":2},"end":{"line":52,"column":4}},"6":{"start":{"line":41,"column":4},"end":{"line":41,"column":23}},"7":{"start":{"line":44,"column":4},"end":{"line":51,"column":6}}},"fnMap":{"0":{"name":"(anonymous_0)","decl":{"start":{"line":3,"column":23},"end":{"line":3,"column":24}},"loc":{"start":{"line":3,"column":43},"end":{"line":37,"column":1}},"line":3},"1":{"name":"(anonymous_1)","decl":{"start":{"line":39,"column":32},"end":{"line":39,"column":33}},"loc":{"start":{"line":39,"column":52},"end":{"line":53,"column":1}},"line":39},"2":{"name":"(anonymous_2)","decl":{"start":{"line":40,"column":9},"end":{"line":40,"column":10}},"loc":{"start":{"line":40,"column":20},"end":{"line":52,"column":3}},"line":40}},"branchMap":{},"s":{"0":1,"1":2,"2":1,"3":1,"4":1,"5":0,"6":0,"7":0},"f":{"0":2,"1":0,"2":0},"b":{},"_coverageSchema":"1a1c01bbd47fc00a2c39e90264f33305004495a9","hash":"266ee86304244b1f342c31c1d1916b48b42b51d9"}
,"C:\\Users\\SUPER-COMPUTERS\\Desktop\\React\\food-app\\src\\components\\Sum.js": {"path":"C:\\Users\\SUPER-COMPUTERS\\Desktop\\React\\food-app\\src\\components\\Sum.js","statementMap":{"0":{"start":{"line":1,"column":19},"end":{"line":3,"column":1}},"1":{"start":{"line":2,"column":2},"end":{"line":2,"column":15}}},"fnMap":{"0":{"name":"(anonymous_0)","decl":{"start":{"line":1,"column":19},"end":{"line":1,"column":20}},"loc":{"start":{"line":1,"column":29},"end":{"line":3,"column":1}},"line":1}},"branchMap":{},"s":{"0":1,"1":1},"f":{"0":1},"b":{},"_coverageSchema":"1a1c01bbd47fc00a2c39e90264f33305004495a9","hash":"98152b85cd70b8d0dc49671ffd6a154712c9100d"}
,"C:\\Users\\SUPER-COMPUTERS\\Desktop\\React\\food-app\\src\\redux\\appStore.js": {"path":"C:\\Users\\SUPER-COMPUTERS\\Desktop\\React\\food-app\\src\\redux\\appStore.js","statementMap":{"0":{"start":{"line":3,"column":17},"end":{"line":7,"column":2}}},"fnMap":{},"branchMap":{},"s":{"0":1},"f":{},"b":{},"_coverageSchema":"1a1c01bbd47fc00a2c39e90264f33305004495a9","hash":"32626793f7e3b103d8a6af9a4ca80d8f78beb377"}
,"C:\\Users\\SUPER-COMPUTERS\\Desktop\\React\\food-app\\src\\redux\\cartSlice.js": {"path":"C:\\Users\\SUPER-COMPUTERS\\Desktop\\React\\food-app\\src\\redux\\cartSlice.js","statementMap":{"0":{"start":{"line":3,"column":18},"end":{"line":20,"column":2}},"1":{"start":{"line":11,"column":6},"end":{"line":11,"column":40}},"2":{"start":{"line":14,"column":6},"end":{"line":14,"column":24}},"3":{"start":{"line":17,"column":6},"end":{"line":17,"column":29}},"4":{"start":{"line":22,"column":54},"end":{"line":22,"column":71}}},"fnMap":{"0":{"name":"(anonymous_0)","decl":{"start":{"line":10,"column":13},"end":{"line":10,"column":14}},"loc":{"start":{"line":10,"column":33},"end":{"line":12,"column":5}},"line":10},"1":{"name":"(anonymous_1)","decl":{"start":{"line":13,"column":16},"end":{"line":13,"column":17}},"loc":{"start":{"line":13,"column":27},"end":{"line":15,"column":5}},"line":13},"2":{"name":"(anonymous_2)","decl":{"start":{"line":16,"column":19},"end":{"line":16,"column":20}},"loc":{"start":{"line":16,"column":30},"end":{"line":18,"column":5}},"line":16}},"branchMap":{},"s":{"0":1,"1":0,"2":0,"3":0,"4":1},"f":{"0":0,"1":0,"2":0},"b":{},"_coverageSchema":"1a1c01bbd47fc00a2c39e90264f33305004495a9","hash":"dcdfbe9173745f78df5ac2faef2291f9890bb84d"}
,"C:\\Users\\SUPER-COMPUTERS\\Desktop\\React\\food-app\\src\\utils\\constant.js": {"path":"C:\\Users\\SUPER-COMPUTERS\\Desktop\\React\\food-app\\src\\utils\\constant.js","statementMap":{"0":{"start":{"line":2,"column":2},"end":{"line":2,"column":85}},"1":{"start":{"line":5,"column":2},"end":{"line":5,"column":84}},"2":{"start":{"line":9,"column":2},"end":{"line":9,"column":140}},"3":{"start":{"line":12,"column":2},"end":{"line":12,"column":125}}},"fnMap":{},"branchMap":{},"s":{"0":2,"1":2,"2":2,"3":2},"f":{},"b":{},"_coverageSchema":"1a1c01bbd47fc00a2c39e90264f33305004495a9","hash":"77040c348b089c4a4a54357a1e3d0eca522dfdaa"}
,"C:\\Users\\SUPER-COMPUTERS\\Desktop\\React\\food-app\\src\\utils\\useOnlineStatus.js": {"path":"C:\\Users\\SUPER-COMPUTERS\\Desktop\\React\\food-app\\src\\utils\\useOnlineStatus.js","statementMap":{"0":{"start":{"line":3,"column":24},"end":{"line":20,"column":1}},"1":{"start":{"line":5,"column":44},"end":{"line":5,"column":58}},"2":{"start":{"line":7,"column":4},"end":{"line":14,"column":10}},"3":{"start":{"line":8,"column":8},"end":{"line":10,"column":10}},"4":{"start":{"line":9,"column":12},"end":{"line":9,"column":34}},"5":{"start":{"line":11,"column":8},"end":{"line":13,"column":10}},"6":{"start":{"line":12,"column":12},"end":{"line":12,"column":33}},"7":{"start":{"line":19,"column":4},"end":{"line":19,"column":24}}},"fnMap":{"0":{"name":"(anonymous_0)","decl":{"start":{"line":3,"column":24},"end":{"line":3,"column":25}},"loc":{"start":{"line":3,"column":30},"end":{"line":20,"column":1}},"line":3},"1":{"name":"(anonymous_1)","decl":{"start":{"line":7,"column":14},"end":{"line":7,"column":15}},"loc":{"start":{"line":7,"column":20},"end":{"line":14,"column":5}},"line":7},"2":{"name":"(anonymous_2)","decl":{"start":{"line":8,"column":43},"end":{"line":8,"column":44}},"loc":{"start":{"line":8,"column":49},"end":{"line":10,"column":9}},"line":8},"3":{"name":"(anonymous_3)","decl":{"start":{"line":11,"column":42},"end":{"line":11,"column":43}},"loc":{"start":{"line":11,"column":48},"end":{"line":13,"column":9}},"line":11}},"branchMap":{},"s":{"0":1,"1":5,"2":5,"3":4,"4":0,"5":4,"6":0,"7":5},"f":{"0":5,"1":4,"2":0,"3":0},"b":{},"_coverageSchema":"1a1c01bbd47fc00a2c39e90264f33305004495a9","hash":"76888d2a14f37c0bf0c81d1eeeb0efe9bcccbd11"}
}
