{"C:\\Users\\SUPER-COMPUTERS\\Desktop\\React\\food-app\\src\\components\\Body.js": {"path":"C:\\Users\\SUPER-COMPUTERS\\Desktop\\React\\food-app\\src\\components\\Body.js","statementMap":{"0":{"start":{"line":8,"column":13},"end":{"line":102,"column":1}},"1":{"start":{"line":9,"column":38},"end":{"line":9,"column":48}},"2":{"start":{"line":15,"column":6},"end":{"line":15,"column":27}},"3":{"start":{"line":19,"column":22},"end":{"line":25,"column":3}},"4":{"start":{"line":20,"column":25},"end":{"line":22,"column":6}},"5":{"start":{"line":21,"column":6},"end":{"line":21,"column":41}},"6":{"start":{"line":23,"column":4},"end":{"line":23,"column":44}},"7":{"start":{"line":24,"column":4},"end":{"line":24,"column":46}},"8":{"start":{"line":27,"column":27},"end":{"line":34,"column":3}},"9":{"start":{"line":28,"column":35},"end":{"line":32,"column":6}},"10":{"start":{"line":29,"column":6},"end":{"line":31,"column":46}},"11":{"start":{"line":33,"column":4},"end":{"line":33,"column":56}},"12":{"start":{"line":36,"column":23},"end":{"line":36,"column":40}},"13":{"start":{"line":38,"column":33},"end":{"line":38,"column":65}},"14":{"start":{"line":40,"column":2},"end":{"line":45,"column":6}},"15":{"start":{"line":41,"column":4},"end":{"line":45,"column":6}},"16":{"start":{"line":47,"column":2},"end":{"line":47,"column":66}},"17":{"start":{"line":47,"column":45},"end":{"line":47,"column":66}},"18":{"start":{"line":51,"column":2},"end":{"line":101,"column":4}},"19":{"start":{"line":61,"column":29},"end":{"line":61,"column":58}},"20":{"start":{"line":79,"column":10},"end":{"line":97,"column":12}}},"fnMap":{"0":{"name":"(anonymous_0)","decl":{"start":{"line":8,"column":13},"end":{"line":8,"column":14}},"loc":{"start":{"line":8,"column":19},"end":{"line":102,"column":1}},"line":8},"1":{"name":"(anonymous_1)","decl":{"start":{"line":19,"column":22},"end":{"line":19,"column":23}},"loc":{"start":{"line":19,"column":28},"end":{"line":25,"column":3}},"line":19},"2":{"name":"(anonymous_2)","decl":{"start":{"line":20,"column":53},"end":{"line":20,"column":54}},"loc":{"start":{"line":20,"column":63},"end":{"line":22,"column":5}},"line":20},"3":{"name":"(anonymous_3)","decl":{"start":{"line":27,"column":27},"end":{"line":27,"column":28}},"loc":{"start":{"line":27,"column":33},"end":{"line":34,"column":3}},"line":27},"4":{"name":"(anonymous_4)","decl":{"start":{"line":28,"column":63},"end":{"line":28,"column":64}},"loc":{"start":{"line":28,"column":73},"end":{"line":32,"column":5}},"line":28},"5":{"name":"(anonymous_5)","decl":{"start":{"line":61,"column":22},"end":{"line":61,"column":23}},"loc":{"start":{"line":61,"column":29},"end":{"line":61,"column":58}},"line":61},"6":{"name":"(anonymous_6)","decl":{"start":{"line":78,"column":36},"end":{"line":78,"column":37}},"loc":{"start":{"line":78,"column":52},"end":{"line":98,"column":9}},"line":78}},"branchMap":{"0":{"loc":{"start":{"line":40,"column":2},"end":{"line":45,"column":6}},"type":"if","locations":[{"start":{"line":40,"column":2},"end":{"line":45,"column":6}},{"start":{},"end":{}}],"line":40},"1":{"loc":{"start":{"line":47,"column":2},"end":{"line":47,"column":66}},"type":"if","locations":[{"start":{"line":47,"column":2},"end":{"line":47,"column":66}},{"start":{},"end":{}}],"line":47},"2":{"loc":{"start":{"line":85,"column":15},"end":{"line":95,"column":15}},"type":"cond-expr","locations":[{"start":{"line":86,"column":16},"end":{"line":89,"column":18}},{"start":{"line":91,"column":16},"end":{"line":94,"column":18}}],"line":85}},"s":{"0":1,"1":8,"2":7,"3":7,"4":1,"5":9,"6":1,"7":1,"8":7,"9":1,"10":9,"11":1,"12":7,"13":7,"14":7,"15":0,"16":7,"17":0,"18":7,"19":1,"20":34},"f":{"0":8,"1":1,"2":9,"3":1,"4":9,"5":1,"6":34},"b":{"0":[0,7],"1":[0,7],"2":[17,17]},"_coverageSchema":"1a1c01bbd47fc00a2c39e90264f33305004495a9","hash":"8f3d6757ed654af2a1cc9263e4c78a7712239d7e"}
,"C:\\Users\\SUPER-COMPUTERS\\Desktop\\React\\food-app\\src\\components\\Contact.js": {"path":"C:\\Users\\SUPER-COMPUTERS\\Desktop\\React\\food-app\\src\\components\\Contact.js","statementMap":{"0":{"start":{"line":3,"column":16},"end":{"line":34,"column":1}},"1":{"start":{"line":4,"column":4},"end":{"line":33,"column":6}}},"fnMap":{"0":{"name":"(anonymous_0)","decl":{"start":{"line":3,"column":16},"end":{"line":3,"column":17}},"loc":{"start":{"line":3,"column":22},"end":{"line":34,"column":1}},"line":3}},"branchMap":{},"s":{"0":1,"1":4},"f":{"0":4},"b":{},"_coverageSchema":"1a1c01bbd47fc00a2c39e90264f33305004495a9","hash":"e50cbbe306536a58693865914e23b3fb6334a3e5"}
,"C:\\Users\\SUPER-COMPUTERS\\Desktop\\React\\food-app\\src\\components\\Header.js": {"path":"C:\\Users\\SUPER-COMPUTERS\\Desktop\\React\\food-app\\src\\components\\Header.js","statementMap":{"0":{"start":{"line":8,"column":15},"end":{"line":54,"column":1}},"1":{"start":{"line":9,"column":32},"end":{"line":9,"column":49}},"2":{"start":{"line":10,"column":23},"end":{"line":10,"column":40}},"3":{"start":{"line":14,"column":20},"end":{"line":14,"column":60}},"4":{"start":{"line":14,"column":43},"end":{"line":14,"column":59}},"5":{"start":{"line":17,"column":2},"end":{"line":53,"column":4}},"6":{"start":{"line":45,"column":14},"end":{"line":45,"column":79}}},"fnMap":{"0":{"name":"(anonymous_0)","decl":{"start":{"line":8,"column":15},"end":{"line":8,"column":16}},"loc":{"start":{"line":8,"column":21},"end":{"line":54,"column":1}},"line":8},"1":{"name":"(anonymous_1)","decl":{"start":{"line":14,"column":32},"end":{"line":14,"column":33}},"loc":{"start":{"line":14,"column":43},"end":{"line":14,"column":59}},"line":14},"2":{"name":"(anonymous_2)","decl":{"start":{"line":44,"column":21},"end":{"line":44,"column":22}},"loc":{"start":{"line":44,"column":27},"end":{"line":46,"column":13}},"line":44}},"branchMap":{"0":{"loc":{"start":{"line":26,"column":28},"end":{"line":26,"column":62}},"type":"cond-expr","locations":[{"start":{"line":26,"column":52},"end":{"line":26,"column":55}},{"start":{"line":26,"column":58},"end":{"line":26,"column":62}}],"line":26},"1":{"loc":{"start":{"line":45,"column":14},"end":{"line":45,"column":78}},"type":"cond-expr","locations":[{"start":{"line":45,"column":36},"end":{"line":45,"column":56}},{"start":{"line":45,"column":59},"end":{"line":45,"column":78}}],"line":45}},"s":{"0":1,"1":5,"2":5,"3":5,"4":9,"5":5,"6":1},"f":{"0":5,"1":9,"2":1},"b":{"0":[5,0],"1":[1,0]},"_coverageSchema":"1a1c01bbd47fc00a2c39e90264f33305004495a9","hash":"05c100e09a5af20f4f9bf115761d6d2fa555c2e7"}
,"C:\\Users\\SUPER-COMPUTERS\\Desktop\\React\\food-app\\src\\components\\RestaurantCard.js": {"path":"C:\\Users\\SUPER-COMPUTERS\\Desktop\\React\\food-app\\src\\components\\RestaurantCard.js","statementMap":{"0":{"start":{"line":3,"column":23},"end":{"line":40,"column":1}},"1":{"start":{"line":12,"column":6},"end":{"line":12,"column":22}},"2":{"start":{"line":15,"column":2},"end":{"line":39,"column":4}},"3":{"start":{"line":42,"column":32},"end":{"line":56,"column":1}},"4":{"start":{"line":43,"column":2},"end":{"line":55,"column":4}},"5":{"start":{"line":44,"column":4},"end":{"line":44,"column":23}},"6":{"start":{"line":47,"column":4},"end":{"line":54,"column":6}}},"fnMap":{"0":{"name":"(anonymous_0)","decl":{"start":{"line":3,"column":23},"end":{"line":3,"column":24}},"loc":{"start":{"line":3,"column":43},"end":{"line":40,"column":1}},"line":3},"1":{"name":"(anonymous_1)","decl":{"start":{"line":42,"column":32},"end":{"line":42,"column":33}},"loc":{"start":{"line":42,"column":52},"end":{"line":56,"column":1}},"line":42},"2":{"name":"(anonymous_2)","decl":{"start":{"line":43,"column":9},"end":{"line":43,"column":10}},"loc":{"start":{"line":43,"column":20},"end":{"line":55,"column":3}},"line":43}},"branchMap":{},"s":{"0":2,"1":35,"2":35,"3":2,"4":7,"5":17,"6":17},"f":{"0":35,"1":7,"2":17},"b":{},"_coverageSchema":"1a1c01bbd47fc00a2c39e90264f33305004495a9","hash":"5d1921b5f02afb728006d9a15937c9b6d4fb9efc"}
,"C:\\Users\\SUPER-COMPUTERS\\Desktop\\React\\food-app\\src\\components\\ShimmerUI.js": {"path":"C:\\Users\\SUPER-COMPUTERS\\Desktop\\React\\food-app\\src\\components\\ShimmerUI.js","statementMap":{"0":{"start":{"line":3,"column":18},"end":{"line":30,"column":1}},"1":{"start":{"line":4,"column":4},"end":{"line":29,"column":5}}},"fnMap":{"0":{"name":"(anonymous_0)","decl":{"start":{"line":3,"column":18},"end":{"line":3,"column":19}},"loc":{"start":{"line":3,"column":24},"end":{"line":30,"column":1}},"line":3}},"branchMap":{},"s":{"0":1,"1":0},"f":{"0":0},"b":{},"_coverageSchema":"1a1c01bbd47fc00a2c39e90264f33305004495a9","hash":"f301c36d8b6d42297850fc2479a2932df1ec07c5"}
,"C:\\Users\\SUPER-COMPUTERS\\Desktop\\React\\food-app\\src\\components\\Sum.js": {"path":"C:\\Users\\SUPER-COMPUTERS\\Desktop\\React\\food-app\\src\\components\\Sum.js","statementMap":{"0":{"start":{"line":1,"column":19},"end":{"line":3,"column":1}},"1":{"start":{"line":2,"column":2},"end":{"line":2,"column":15}}},"fnMap":{"0":{"name":"(anonymous_0)","decl":{"start":{"line":1,"column":19},"end":{"line":1,"column":20}},"loc":{"start":{"line":1,"column":29},"end":{"line":3,"column":1}},"line":1}},"branchMap":{},"s":{"0":1,"1":1},"f":{"0":1},"b":{},"_coverageSchema":"1a1c01bbd47fc00a2c39e90264f33305004495a9","hash":"98152b85cd70b8d0dc49671ffd6a154712c9100d"}
,"C:\\Users\\SUPER-COMPUTERS\\Desktop\\React\\food-app\\src\\redux\\appStore.js": {"path":"C:\\Users\\SUPER-COMPUTERS\\Desktop\\React\\food-app\\src\\redux\\appStore.js","statementMap":{"0":{"start":{"line":3,"column":17},"end":{"line":7,"column":2}}},"fnMap":{},"branchMap":{},"s":{"0":1},"f":{},"b":{},"_coverageSchema":"1a1c01bbd47fc00a2c39e90264f33305004495a9","hash":"32626793f7e3b103d8a6af9a4ca80d8f78beb377"}
,"C:\\Users\\SUPER-COMPUTERS\\Desktop\\React\\food-app\\src\\redux\\cartSlice.js": {"path":"C:\\Users\\SUPER-COMPUTERS\\Desktop\\React\\food-app\\src\\redux\\cartSlice.js","statementMap":{"0":{"start":{"line":3,"column":18},"end":{"line":20,"column":2}},"1":{"start":{"line":11,"column":6},"end":{"line":11,"column":40}},"2":{"start":{"line":14,"column":6},"end":{"line":14,"column":24}},"3":{"start":{"line":17,"column":6},"end":{"line":17,"column":29}},"4":{"start":{"line":22,"column":54},"end":{"line":22,"column":71}}},"fnMap":{"0":{"name":"(anonymous_0)","decl":{"start":{"line":10,"column":13},"end":{"line":10,"column":14}},"loc":{"start":{"line":10,"column":33},"end":{"line":12,"column":5}},"line":10},"1":{"name":"(anonymous_1)","decl":{"start":{"line":13,"column":16},"end":{"line":13,"column":17}},"loc":{"start":{"line":13,"column":27},"end":{"line":15,"column":5}},"line":13},"2":{"name":"(anonymous_2)","decl":{"start":{"line":16,"column":19},"end":{"line":16,"column":20}},"loc":{"start":{"line":16,"column":30},"end":{"line":18,"column":5}},"line":16}},"branchMap":{},"s":{"0":1,"1":0,"2":0,"3":0,"4":1},"f":{"0":0,"1":0,"2":0},"b":{},"_coverageSchema":"1a1c01bbd47fc00a2c39e90264f33305004495a9","hash":"dcdfbe9173745f78df5ac2faef2291f9890bb84d"}
,"C:\\Users\\SUPER-COMPUTERS\\Desktop\\React\\food-app\\src\\utils\\constant.js": {"path":"C:\\Users\\SUPER-COMPUTERS\\Desktop\\React\\food-app\\src\\utils\\constant.js","statementMap":{"0":{"start":{"line":2,"column":2},"end":{"line":2,"column":85}},"1":{"start":{"line":5,"column":2},"end":{"line":5,"column":84}},"2":{"start":{"line":12,"column":2},"end":{"line":12,"column":140}},"3":{"start":{"line":15,"column":2},"end":{"line":15,"column":125}}},"fnMap":{},"branchMap":{},"s":{"0":3,"1":3,"2":3,"3":3},"f":{},"b":{},"_coverageSchema":"1a1c01bbd47fc00a2c39e90264f33305004495a9","hash":"fcef5e701468d3e3f04f6b2f1f5a403fed03fa3b"}
,"C:\\Users\\SUPER-COMPUTERS\\Desktop\\React\\food-app\\src\\utils\\useListOfRestaurant.js": {"path":"C:\\Users\\SUPER-COMPUTERS\\Desktop\\React\\food-app\\src\\utils\\useListOfRestaurant.js","statementMap":{"0":{"start":{"line":4,"column":28},"end":{"line":28,"column":1}},"1":{"start":{"line":5,"column":60},"end":{"line":5,"column":72}},"2":{"start":{"line":6,"column":64},"end":{"line":6,"column":76}},"3":{"start":{"line":8,"column":4},"end":{"line":10,"column":10}},"4":{"start":{"line":9,"column":8},"end":{"line":9,"column":20}},"5":{"start":{"line":11,"column":22},"end":{"line":20,"column":5}},"6":{"start":{"line":12,"column":19},"end":{"line":12,"column":51}},"7":{"start":{"line":13,"column":23},"end":{"line":13,"column":40}},"8":{"start":{"line":15,"column":8},"end":{"line":16,"column":23}},"9":{"start":{"line":18,"column":6},"end":{"line":18,"column":50}},"10":{"start":{"line":19,"column":6},"end":{"line":19,"column":52}},"11":{"start":{"line":22,"column":4},"end":{"line":27,"column":5}}},"fnMap":{"0":{"name":"(anonymous_0)","decl":{"start":{"line":4,"column":28},"end":{"line":4,"column":29}},"loc":{"start":{"line":4,"column":34},"end":{"line":28,"column":1}},"line":4},"1":{"name":"(anonymous_1)","decl":{"start":{"line":8,"column":14},"end":{"line":8,"column":15}},"loc":{"start":{"line":8,"column":20},"end":{"line":10,"column":5}},"line":8},"2":{"name":"(anonymous_2)","decl":{"start":{"line":11,"column":22},"end":{"line":11,"column":23}},"loc":{"start":{"line":11,"column":34},"end":{"line":20,"column":5}},"line":11}},"branchMap":{},"s":{"0":1,"1":7,"2":7,"3":7,"4":2,"5":7,"6":2,"7":2,"8":2,"9":2,"10":2,"11":7},"f":{"0":7,"1":2,"2":2},"b":{},"_coverageSchema":"1a1c01bbd47fc00a2c39e90264f33305004495a9","hash":"3eed89acbe9fe9ce0740a61ee6fa6ce83784c0c5"}
,"C:\\Users\\SUPER-COMPUTERS\\Desktop\\React\\food-app\\src\\utils\\useOnlineStatus.js": {"path":"C:\\Users\\SUPER-COMPUTERS\\Desktop\\React\\food-app\\src\\utils\\useOnlineStatus.js","statementMap":{"0":{"start":{"line":3,"column":24},"end":{"line":20,"column":1}},"1":{"start":{"line":5,"column":44},"end":{"line":5,"column":58}},"2":{"start":{"line":7,"column":4},"end":{"line":14,"column":10}},"3":{"start":{"line":8,"column":8},"end":{"line":10,"column":10}},"4":{"start":{"line":9,"column":12},"end":{"line":9,"column":34}},"5":{"start":{"line":11,"column":8},"end":{"line":13,"column":10}},"6":{"start":{"line":12,"column":12},"end":{"line":12,"column":33}},"7":{"start":{"line":19,"column":4},"end":{"line":19,"column":24}}},"fnMap":{"0":{"name":"(anonymous_0)","decl":{"start":{"line":3,"column":24},"end":{"line":3,"column":25}},"loc":{"start":{"line":3,"column":30},"end":{"line":20,"column":1}},"line":3},"1":{"name":"(anonymous_1)","decl":{"start":{"line":7,"column":14},"end":{"line":7,"column":15}},"loc":{"start":{"line":7,"column":20},"end":{"line":14,"column":5}},"line":7},"2":{"name":"(anonymous_2)","decl":{"start":{"line":8,"column":43},"end":{"line":8,"column":44}},"loc":{"start":{"line":8,"column":49},"end":{"line":10,"column":9}},"line":8},"3":{"name":"(anonymous_3)","decl":{"start":{"line":11,"column":42},"end":{"line":11,"column":43}},"loc":{"start":{"line":11,"column":48},"end":{"line":13,"column":9}},"line":11}},"branchMap":{},"s":{"0":2,"1":12,"2":12,"3":6,"4":0,"5":6,"6":0,"7":12},"f":{"0":12,"1":6,"2":0,"3":0},"b":{},"_coverageSchema":"1a1c01bbd47fc00a2c39e90264f33305004495a9","hash":"76888d2a14f37c0bf0c81d1eeeb0efe9bcccbd11"}
}
