TN:
SF:src\components\Body.js
FN:8,(anonymous_0)
FN:19,(anonymous_1)
FN:20,(anonymous_2)
FN:27,(anonymous_3)
FN:28,(anonymous_4)
FN:60,(anonymous_5)
FN:77,(anonymous_6)
FNF:7
FNH:2
FNDA:4,(anonymous_0)
FNDA:0,(anonymous_1)
FNDA:0,(anonymous_2)
FNDA:0,(anonymous_3)
FNDA:0,(anonymous_4)
FNDA:0,(anonymous_5)
FNDA:18,(anonymous_6)
DA:8,1
DA:9,4
DA:15,4
DA:19,4
DA:20,0
DA:21,0
DA:23,0
DA:24,0
DA:27,4
DA:28,0
DA:29,0
DA:33,0
DA:36,4
DA:38,4
DA:40,4
DA:41,0
DA:47,4
DA:51,4
DA:60,0
DA:78,18
LF:20
LH:11
BRDA:40,0,0,0
BRDA:40,0,1,4
BRDA:47,1,0,0
BRDA:47,1,1,4
BRDA:84,2,0,8
BRDA:84,2,1,10
BRF:6
BRH:4
end_of_record
