TN:
SF:src\components\Body.js
FN:8,(anonymous_0)
FN:19,(anonymous_1)
FN:20,(anonymous_2)
FN:27,(anonymous_3)
FN:28,(anonymous_4)
FN:61,(anonymous_5)
FN:78,(anonymous_6)
FNF:7
FNH:7
FNDA:8,(anonymous_0)
FNDA:1,(anonymous_1)
FNDA:9,(anonymous_2)
FNDA:1,(anonymous_3)
FNDA:9,(anonymous_4)
FNDA:1,(anonymous_5)
FNDA:34,(anonymous_6)
DA:8,1
DA:9,8
DA:15,7
DA:19,7
DA:20,1
DA:21,9
DA:23,1
DA:24,1
DA:27,7
DA:28,1
DA:29,9
DA:33,1
DA:36,7
DA:38,7
DA:40,7
DA:41,0
DA:47,7
DA:51,7
DA:61,1
DA:79,34
LF:20
LH:19
BRDA:40,0,0,0
BRDA:40,0,1,7
BRDA:47,1,0,0
BRDA:47,1,1,7
BRDA:85,2,0,17
BRDA:85,2,1,17
BRF:6
BRH:4
end_of_record
TN:
SF:src\components\Contact.js
FN:3,(anonymous_0)
FNF:1
FNH:1
FNDA:4,(anonymous_0)
DA:3,1
DA:4,4
LF:2
LH:2
BRF:0
BRH:0
end_of_record
TN:
SF:src\components\Header.js
FN:8,(anonymous_0)
FN:14,(anonymous_1)
FN:44,(anonymous_2)
FNF:3
FNH:3
FNDA:5,(anonymous_0)
FNDA:9,(anonymous_1)
FNDA:1,(anonymous_2)
DA:8,1
DA:9,5
DA:10,5
DA:14,9
DA:17,5
DA:45,1
LF:6
LH:6
BRDA:26,0,0,5
BRDA:26,0,1,0
BRDA:45,1,0,1
BRDA:45,1,1,0
BRF:4
BRH:2
end_of_record
TN:
SF:src\components\RestaurantCard.js
FN:3,(anonymous_0)
FN:42,(anonymous_1)
FN:43,(anonymous_2)
FNF:3
FNH:3
FNDA:35,(anonymous_0)
FNDA:7,(anonymous_1)
FNDA:17,(anonymous_2)
DA:3,2
DA:12,35
DA:15,35
DA:42,2
DA:43,7
DA:44,17
DA:47,17
LF:7
LH:7
BRF:0
BRH:0
end_of_record
TN:
SF:src\components\ShimmerUI.js
FN:3,(anonymous_0)
FNF:1
FNH:0
FNDA:0,(anonymous_0)
DA:3,1
DA:4,0
LF:2
LH:1
BRF:0
BRH:0
end_of_record
TN:
SF:src\components\Sum.js
FN:1,(anonymous_0)
FNF:1
FNH:1
FNDA:1,(anonymous_0)
DA:1,1
DA:2,1
LF:2
LH:2
BRF:0
BRH:0
end_of_record
TN:
SF:src\redux\appStore.js
FNF:0
FNH:0
DA:3,1
LF:1
LH:1
BRF:0
BRH:0
end_of_record
TN:
SF:src\redux\cartSlice.js
FN:10,(anonymous_0)
FN:13,(anonymous_1)
FN:16,(anonymous_2)
FNF:3
FNH:0
FNDA:0,(anonymous_0)
FNDA:0,(anonymous_1)
FNDA:0,(anonymous_2)
DA:3,1
DA:11,0
DA:14,0
DA:17,0
DA:22,1
LF:5
LH:2
BRF:0
BRH:0
end_of_record
TN:
SF:src\utils\constant.js
FNF:0
FNH:0
DA:2,3
DA:5,3
DA:12,3
DA:15,3
LF:4
LH:4
BRF:0
BRH:0
end_of_record
TN:
SF:src\utils\useListOfRestaurant.js
FN:4,(anonymous_0)
FN:8,(anonymous_1)
FN:11,(anonymous_2)
FNF:3
FNH:3
FNDA:7,(anonymous_0)
FNDA:2,(anonymous_1)
FNDA:2,(anonymous_2)
DA:4,1
DA:5,7
DA:6,7
DA:8,7
DA:9,2
DA:11,7
DA:12,2
DA:13,2
DA:15,2
DA:18,2
DA:19,2
DA:22,7
LF:12
LH:12
BRF:0
BRH:0
end_of_record
TN:
SF:src\utils\useOnlineStatus.js
FN:3,(anonymous_0)
FN:7,(anonymous_1)
FN:8,(anonymous_2)
FN:11,(anonymous_3)
FNF:4
FNH:2
FNDA:12,(anonymous_0)
FNDA:6,(anonymous_1)
FNDA:0,(anonymous_2)
FNDA:0,(anonymous_3)
DA:3,2
DA:5,12
DA:7,12
DA:8,6
DA:9,0
DA:11,6
DA:12,0
DA:19,12
LF:8
LH:6
BRF:0
BRH:0
end_of_record
